Picked up JAVA_TOOL_OPTIONS: -XX:+UseContainerSupport -XX:ActiveProcessorCount=1
[INFO] Scanning for projects...
[WARNING] 
[WARNING] Some problems were encountered while building the effective model for com.example:boot-camp-gateway:jar:0.0.1-SNAPSHOT
[WARNING] 'build.plugins.plugin.(groupId:artifactId)' must be unique but found duplicate declaration of plugin org.apache.maven.plugins:maven-compiler-plugin @ line 60, column 12
[WARNING] 
[WARNING] It is highly recommended to fix these problems because they threaten the stability of your build.
[WARNING] 
[WARNING] For this reason, future Maven versions might no longer support building such malformed projects.
[WARNING] 
[INFO] 
[INFO] -------------------< com.example:boot-camp-gateway >--------------------
[INFO] Building boot-camp-gateway 0.0.1-SNAPSHOT
[INFO]   from pom.xml
[INFO] --------------------------------[ jar ]---------------------------------
[INFO] 
[INFO] >>> spring-boot:2.1.1.RELEASE:run (default-cli) > test-compile @ boot-camp-gateway >>>
[INFO] 
[INFO] --- resources:3.1.0:resources (default-resources) @ boot-camp-gateway ---
[INFO] Using 'UTF-8' encoding to copy filtered resources.
[INFO] Copying 2 resources
[INFO] Copying 0 resource
[INFO] 
[INFO] --- compiler:3.8.1:compile (default-compile) @ boot-camp-gateway ---
[INFO] Nothing to compile - all classes are up to date
[INFO] 
[INFO] --- resources:3.1.0:testResources (default-testResources) @ boot-camp-gateway ---
[INFO] Using 'UTF-8' encoding to copy filtered resources.
[INFO] skip non existing resourceDirectory /workspace/walklib-micro/gateway/src/test/resources
[INFO] 
[INFO] --- compiler:3.8.1:testCompile (default-testCompile) @ boot-camp-gateway ---
[INFO] No sources to compile
[INFO] 
[INFO] <<< spring-boot:2.1.1.RELEASE:run (default-cli) < test-compile @ boot-camp-gateway <<<
[INFO] 
[INFO] 
[INFO] --- spring-boot:2.1.1.RELEASE:run (default-cli) @ boot-camp-gateway ---
[INFO] Attaching agents: []
Picked up JAVA_TOOL_OPTIONS: -XX:+UseContainerSupport -XX:ActiveProcessorCount=1
2025-06-30 06:04:08.979  INFO 110788 --- [           main] trationDelegate$BeanPostProcessorChecker : Bean 'org.springframework.cloud.autoconfigure.ConfigurationPropertiesRebinderAutoConfiguration' of type [org.springframework.cloud.autoconfigure.ConfigurationPropertiesRebinderAutoConfiguration$$EnhancerBySpringCGLIB$$9c2e1895] is not eligible for getting processed by all BeanPostProcessors (for example: not eligible for auto-proxying)

  .   ____          _            __ _ _
 /\\ / ___'_ __ _ _(_)_ __  __ _ \ \ \ \
( ( )\___ | '_ | '_| | '_ \/ _` | \ \ \ \
 \\/  ___)| |_)| | | | | || (_| |  ) ) ) )
  '  |____| .__|_| |_|_| |_\__, | / / / /
 =========|_|==============|___/=/_/_/_/
 :: Spring Boot ::        (v2.1.1.RELEASE)

2025-06-30 06:04:09.775  INFO 110788 --- [           main] miniproject.Application                  : The following profiles are active: default
2025-06-30 06:04:14.957  INFO 110788 --- [           main] o.s.cloud.context.scope.GenericScope     : BeanFactory id=2ff7c8f6-c68f-3545-896d-88b448e76793
2025-06-30 06:04:15.163  INFO 110788 --- [           main] trationDelegate$BeanPostProcessorChecker : Bean 'org.springframework.cloud.autoconfigure.ConfigurationPropertiesRebinderAutoConfiguration' of type [org.springframework.cloud.autoconfigure.ConfigurationPropertiesRebinderAutoConfiguration$$EnhancerBySpringCGLIB$$9c2e1895] is not eligible for getting processed by all BeanPostProcessors (for example: not eligible for auto-proxying)
2025-06-30 06:04:22.660  INFO 110788 --- [           main] o.s.c.g.r.RouteDefinitionRouteLocator    : Loaded RoutePredicateFactory [After]
2025-06-30 06:04:22.660  INFO 110788 --- [           main] o.s.c.g.r.RouteDefinitionRouteLocator    : Loaded RoutePredicateFactory [Before]
2025-06-30 06:04:22.660  INFO 110788 --- [           main] o.s.c.g.r.RouteDefinitionRouteLocator    : Loaded RoutePredicateFactory [Between]
2025-06-30 06:04:22.661  INFO 110788 --- [           main] o.s.c.g.r.RouteDefinitionRouteLocator    : Loaded RoutePredicateFactory [Cookie]
2025-06-30 06:04:22.665  INFO 110788 --- [           main] o.s.c.g.r.RouteDefinitionRouteLocator    : Loaded RoutePredicateFactory [Header]
2025-06-30 06:04:22.665  INFO 110788 --- [           main] o.s.c.g.r.RouteDefinitionRouteLocator    : Loaded RoutePredicateFactory [Host]
2025-06-30 06:04:22.665  INFO 110788 --- [           main] o.s.c.g.r.RouteDefinitionRouteLocator    : Loaded RoutePredicateFactory [Method]
2025-06-30 06:04:22.665  INFO 110788 --- [           main] o.s.c.g.r.RouteDefinitionRouteLocator    : Loaded RoutePredicateFactory [Path]
2025-06-30 06:04:22.666  INFO 110788 --- [           main] o.s.c.g.r.RouteDefinitionRouteLocator    : Loaded RoutePredicateFactory [Query]
2025-06-30 06:04:22.666  INFO 110788 --- [           main] o.s.c.g.r.RouteDefinitionRouteLocator    : Loaded RoutePredicateFactory [ReadBodyPredicateFactory]
2025-06-30 06:04:22.666  INFO 110788 --- [           main] o.s.c.g.r.RouteDefinitionRouteLocator    : Loaded RoutePredicateFactory [RemoteAddr]
2025-06-30 06:04:22.666  INFO 110788 --- [           main] o.s.c.g.r.RouteDefinitionRouteLocator    : Loaded RoutePredicateFactory [Weight]
2025-06-30 06:04:22.666  INFO 110788 --- [           main] o.s.c.g.r.RouteDefinitionRouteLocator    : Loaded RoutePredicateFactory [CloudFoundryRouteService]
2025-06-30 06:04:26.259  INFO 110788 --- [           main] o.s.b.a.e.web.EndpointLinksResolver      : Exposing 2 endpoint(s) beneath base path '/actuator'
2025-06-30 06:04:33.170  INFO 110788 --- [           main] o.s.b.web.embedded.netty.NettyWebServer  : Netty started on port(s): 8088
2025-06-30 06:04:33.267  INFO 110788 --- [           main] miniproject.Application                  : Started Application in 26.778 seconds (JVM running for 27.697)
